<?xml version="1.0" encoding="UTF-8"?>
<!-- Generated by org.testng.reporters.JUnitReportReporter -->
<testsuite skipped="0" hostname="DESKTOP-8LF9QI4" name="com.api.TimeZone" tests="1" failures="0" timestamp="2020-09-04T23:18:09 IST" time="12.734" errors="0">
  <testcase name="timezone" time="12.734" classname="com.api.TimeZone"/>
  <system-out/>
</testsuite> <!-- com.api.TimeZone -->
